\BOOKMARK [0][-]{Doc-Start}{\376\377\000R\000e\000m\000e\000r\000c\000i\000e\000m\000e\000n\000t\000s}{}% 1
\BOOKMARK [0][-]{Doc-Start}{\376\377\000A\000b\000s\000t\000r\000a\000c\000t}{}% 2
\BOOKMARK [1][-]{section.1}{\376\377\000I\000n\000t\000r\000o\000d\000u\000c\000t\000i\000o\000n}{Doc-Start}% 3
\BOOKMARK [2][-]{subsection.1.1}{\376\377\000L\000'\000o\000p\000t\000i\000q\000u\000e\000\040\000d\000e\000\040\000p\000a\000r\000t\000i\000c\000u\000l\000e\000s\000\040\000c\000h\000a\000r\000g\000\351\000e\000s}{section.1}% 4
\BOOKMARK [2][-]{subsection.1.2}{\376\377\000E\000x\000e\000m\000p\000l\000e\000s\000\040\000d\000'\000a\000p\000p\000l\000i\000c\000a\000t\000i\000o\000n}{section.1}% 5
\BOOKMARK [2][-]{subsection.1.3}{\376\377\000P\000r\000o\000j\000e\000t\000s\000\040\000p\000r\000\351\000c\000\351\000d\000e\000n\000t\000s}{section.1}% 6
\BOOKMARK [1][-]{section.2}{\376\377\000T\000h\000\351\000o\000r\000i\000e\000\040\000p\000h\000y\000s\000i\000q\000u\000e}{Doc-Start}% 7
\BOOKMARK [2][-]{subsection.2.1}{\376\377\000P\000r\000i\000n\000c\000i\000p\000e\000\040\000d\000e\000\040\000m\000o\000i\000n\000d\000r\000e\000\040\000a\000c\000t\000i\000o\000n}{section.2}% 8
\BOOKMARK [2][-]{subsection.2.2}{\376\377\000E\000q\000u\000a\000t\000i\000o\000n\000s\000\040\000d\000'\000E\000u\000l\000e\000r\000-\000L\000a\000g\000r\000a\000n\000g\000e}{section.2}% 9
\BOOKMARK [2][-]{subsection.2.3}{\376\377\000E\000x\000t\000r\000a\000c\000t\000i\000o\000n\000\040\000d\000u\000\040\000p\000o\000t\000e\000n\000t\000i\000e\000l}{section.2}% 10
\BOOKMARK [1][-]{section.3}{\376\377\000M\000\351\000t\000h\000o\000d\000e\000s\000\040\000n\000u\000m\000\351\000r\000i\000q\000u\000e\000s\000\040\000d\000e\000\040\000c\000a\000l\000c\000u\000l}{Doc-Start}% 11
\BOOKMARK [2][-]{subsection.3.1}{\376\377\000D\000i\000f\000f\000\351\000r\000e\000n\000t\000e\000s\000\040\000m\000\351\000t\000h\000o\000d\000e\000s}{section.3}% 12
\BOOKMARK [2][-]{subsection.3.2}{\376\377\000P\000r\000i\000n\000c\000i\000p\000e\000\040\000d\000u\000\040\000B\000E\000M}{section.3}% 13
\BOOKMARK [2][-]{subsection.3.3}{\376\377\000I\000n\000t\000\351\000r\000\352\000t\000\040\000p\000o\000u\000r\000\040\000n\000o\000t\000r\000e\000\040\000d\000o\000m\000a\000i\000n\000e\000\040\000d\000'\000\351\000t\000u\000d\000e}{section.3}% 14
\BOOKMARK [1][-]{section.4}{\376\377\000A\000p\000p\000l\000i\000c\000a\000t\000i\000o\000n\000\040\000d\000u\000\040\000B\000E\000M\000\040\000\340\000\040\000u\000n\000\040\000s\000y\000s\000t\000\350\000m\000e\000\040\000\351\000l\000e\000c\000t\000r\000o\000s\000t\000a\000t\000i\000q\000u\000e\000\040\000q\000u\000a\000d\000r\000u\000p\000o\000l\000e\000-\000o\000c\000t\000o\000p\000o\000l\000e\000\040\000a\000u\000t\000o\000-\000c\000e\000n\000t\000r\000\351}{Doc-Start}% 15
\BOOKMARK [2][-]{subsection.4.1}{\376\377\000M\000o\000d\000\351\000l\000i\000s\000a\000t\000i\000o\000n\000\040\000d\000u\000\040\000q\000u\000a\000d\000r\000u\000p\000o\000l\000e\000\040\000d\000'\000O\000k\000a\000y\000a\000m\000a}{section.4}% 16
\BOOKMARK [2][-]{subsection.4.2}{\376\377\000E\000x\000t\000r\000a\000c\000t\000i\000o\000n\000\040\000d\000u\000\040\000p\000o\000t\000e\000n\000t\000i\000e\000l}{section.4}% 17
\BOOKMARK [2][-]{subsection.4.3}{\376\377\000R\000\351\000s\000o\000l\000u\000t\000i\000o\000n\000\040\000d\000e\000s\000\040\000\351\000q\000u\000a\000t\000i\000o\000n\000s\000\040\000p\000a\000r\000a\000x\000i\000a\000l\000e\000s}{section.4}% 18
\BOOKMARK [2][-]{subsection.4.4}{\376\377\000O\000r\000g\000a\000n\000i\000g\000r\000a\000m\000m\000e\000\040\000d\000u\000\040\000c\000o\000d\000e}{section.4}% 19
\BOOKMARK [1][-]{section.5}{\376\377\000V\000a\000l\000i\000d\000a\000t\000i\000o\000n\000\040\000d\000u\000\040\000c\000o\000d\000e}{Doc-Start}% 20
\BOOKMARK [2][-]{subsection.5.1}{\376\377\000P\000a\000p\000i\000e\000r\000\040\000d\000'\000O\000k\000a\000y\000a\000m\000a}{section.5}% 21
\BOOKMARK [2][-]{subsection.5.2}{\376\377\000E\000f\000f\000e\000t\000\040\000d\000u\000\040\000s\000h\000i\000e\000l\000d}{section.5}% 22
\BOOKMARK [1][-]{section.6}{\376\377\000A\000b\000e\000r\000r\000a\000t\000i\000o\000n\000s}{Doc-Start}% 23
\BOOKMARK [1][-]{section.7}{\376\377\000B\000i\000b\000l\000i\000o\000g\000r\000a\000p\000h\000i\000e}{Doc-Start}% 24
